1616937246588	geckodriver	INFO	Listening on 127.0.0.1:59566
1616937249636	mozrunner::runner	INFO	Running command: "C:\\Program Files\\Mozilla Firefox\\firefox.exe" "--marionette" "-foreground" "-no-remote" "-profile" "C:\\Users\\lesny\\AppData\\Local\\Temp\\rust_mozprofilebJIvFQ"
console.warn: SearchSettings: "get: No settings file exists, new profile?" (new Error("", "(unknown module)"))
[Parent 320, IPC I/O Parent] WARNING: file /builds/worker/checkouts/gecko/ipc/chromium/src/base/process_util_win.cc:167
1616937271361	Marionette	INFO	Listening on port 59577
1616937272230	Marionette	WARN	TLS certificate errors will be ignored for this session
console.log: WebExtensions: reset-default-search: No addons in our list are installed.
1616938145869	Marionette	WARN	Ignoring event 'pageshow' because document has an invalid readyState of 'interactive'.
[Parent 320, IPC I/O Parent] WARNING: file /builds/worker/checkouts/gecko/ipc/chromium/src/base/process_util_win.cc:167
1616938242284	Marionette	INFO	Stopped listening on port 59577

###!!! [Child][RunMessage] Error: Channel closing: too late to send/recv, messages will be lost

te errors will be ignored for this session
1616937360854	Marionette	WARN	Ignoring event 'pageshow' because document has an invalid readyState of 'interactive'.
console.log: WebExtensions: reset-default-search: No addons in our list are installed.
1616938089855	Marionette	INFO	Stopped listening on port 59726

###!!! [Child][RunMessage] Error: Channel closing: too late to send/recv, messages will be lost

Temp\\rust_mozprofilef6Cf3I"
console.warn: SearchSettings: "get: No settings file exists, new profile?" (new Error("", "(unknown module)"))
1616937479902	Marionette	INFO	Listening on port 59940
1616937480075	Marionette	WARN	TLS certificate errors will be ignored for this session
1616937495002	Marionette	WARN	Ignoring event 'pageshow' because document has an invalid readyState of 'interactive'.
console.log: WebExtensions: reset-default-search: No addons in our list are installed.

###!!! [Child][RunMessage] Error: Channel closing: too late to send/recv, messages will be lost

[Parent 17144, IPC I/O Parent] WARNING: file /builds/worker/checkouts/gecko/ipc/chromium/src/base/process_util_win.cc:167
1616938089854	Marionette	INFO	Stopped listening on port 59940
known module)"))
1616937845606	Marionette	INFO	Listening on port 60310
1616937845755	Marionette	WARN	TLS certificate errors will be ignored for this session
1616937861372	Marionette	WARN	Ignoring event 'pageshow' because document has an invalid readyState of 'interactive'.
1616938089863	Marionette	INFO	Stopped listening on port 60310
6938083284	mozrunner::runner	INFO	Running command: "C:\\Program Files\\Mozilla Firefox\\firefox.exe" "--marionette" "-foreground" "-no-remote" "-profile" "C:\\Users\\lesny\\AppData\\Local\\Temp\\rust_mozprofileITDGxT"
console.warn: SearchSettings: "get: No settings file exists, new profile?" (new Error("", "(unknown module)"))
1616938094278	Marionette	INFO	Listening on port 60576
1616938095107	Marionette	WARN	TLS certificate errors will be ignored for this session
1616938109596	Marionette	WARN	Ignoring event 'pageshow' because document has an invalid readyState of 'interactive'.
1616938242239	Marionette	INFO	Stopped listening on port 60576

###!!! [Child][RunMessage] Error: Channel closing: too late to send/recv, messages will be lost

"--marionette" "-foreground" "-no-remote" "-profile" "C:\\Users\\lesny\\AppData\\Local\\Temp\\rust_mozprofileW0KFz8"
console.warn: SearchSettings: "get: No settings file exists, new profile?" (new Error("", "(unknown module)"))
1616938192054	Marionette	INFO	Listening on port 60825
1616938192419	Marionette	WARN	TLS certificate errors will be ignored for this session
1616938212306	Marionette	WARN	Ignoring event 'pageshow' because document has an invalid readyState of 'interactive'.
1616938212486	Marionette	INFO	Stopped listening on port 60825

###!!! [Child][RunMessage] Error: Channel closing: too late to send/recv, messages will be lost

1616938249994	geckodriver	INFO	Listening on 127.0.0.1:60982
1616938253024	mozrunner::runner	INFO	Running command: "C:\\Program Files\\Mozilla Firefox\\firefox.exe" "--marionette" "-foreground" "-no-remote" "-profile" "C:\\Users\\lesny\\AppData\\Local\\Temp\\rust_mozprofileRNfHn0"
console.warn: SearchSettings: "get: No settings file exists, new profile?" (new Error("", "(unknown module)"))
1616938261986	Marionette	INFO	Listening on port 60992
1616938262399	Marionette	WARN	TLS certificate errors will be ignored for this session
1616938277324	Marionette	WARN	Ignoring event 'pageshow' because document has an invalid readyState of 'interactive'.

###!!! [Child][RunMessage] Error: Channel closing: too late to send/recv, messages will be lost

1616938644957	Marionette	INFO	Stopped listening on port 60992

###!!! [Child][RunMessage] Error: Channel closing: too late to send/recv, messages will be lost

zprofilez0G02g"
console.warn: SearchSettings: "get: No settings file exists, new profile?" (new Error("", "(unknown module)"))
1616938468654	Marionette	INFO	Listening on port 61235
1616938469156	Marionette	WARN	TLS certificate errors will be ignored for this session
1616938484378	Marionette	WARN	Ignoring event 'pageshow' because document has an invalid readyState of 'interactive'.
[Parent 9472, IPC I/O Parent] WARNING: file /builds/worker/checkouts/gecko/ipc/chromium/src/base/process_util_win.cc:167
1616938645613	Marionette	INFO	Stopped listening on port 61235

###!!! [Child][RunMessage] Error: Channel closing: too late to send/recv, messages will be lost

le.warn: SearchSettings: "get: No settings file exists, new profile?" (new Error("", "(unknown module)"))
1616938645009	Marionette	INFO	Listening on port 61463
1616938645121	Marionette	WARN	TLS certificate errors will be ignored for this session
1616938659834	Marionette	WARN	Ignoring event 'pageshow' because document has an invalid readyState of 'interactive'.

###!!! [Child][MessageChannel] Error: (msgtype=0x6B0027,name=PNecko::Msg_RemoveRequestContext) Channel closing: too late to send/recv, messages will be lost

1616938752118	Marionette	INFO	Stopped listening on port 61463

###!!! [Child][RunMessage] Error: Channel closing: too late to send/recv, messages will be lost

gs file exists, new profile?" (new Error("", "(unknown module)"))
1616938697300	Marionette	INFO	Listening on port 61627
1616938698594	Marionette	WARN	TLS certificate errors will be ignored for this session
1616938714213	Marionette	WARN	Ignoring event 'pageshow' because document has an invalid readyState of 'interactive'.
1616938753134	Marionette	INFO	Stopped listening on port 61627

###!!! [Child][RunMessage] Error: Channel closing: too late to send/recv, messages will be lost

1616938993022	geckodriver	INFO	Listening on 127.0.0.1:61908
1616938996098	mozrunner::runner	INFO	Running command: "C:\\Program Files\\Mozilla Firefox\\firefox.exe" "--marionette" "-foreground" "-no-remote" "-profile" "C:\\Users\\lesny\\AppData\\Local\\Temp\\rust_mozprofileyKAmS8"
console.warn: SearchSettings: "get: No settings file exists, new profile?" (new Error("", "(unknown module)"))
1616939003422	Marionette	INFO	Listening on port 61917
1616939003507	Marionette	WARN	TLS certificate errors will be ignored for this session
1616939019205	Marionette	WARN	Ignoring event 'pageshow' because document has an invalid readyState of 'interactive'.
1616939063492	Marionette	INFO	Stopped listening on port 61917

###!!! [Child][RunMessage] Error: Channel closing: too late to send/recv, messages will be lost

"--marionette" "-foreground" "-no-remote" "-profile" "C:\\Users\\lesny\\AppData\\Local\\Temp\\rust_mozprofile92wDuS"
console.warn: SearchSettings: "get: No settings file exists, new profile?" (new Error("", "(unknown module)"))
1616939058608	Marionette	INFO	Listening on port 62073
1616939058625	Marionette	WARN	TLS certificate errors will be ignored for this session
1616939075630	Marionette	WARN	Ignoring event 'pageshow' because document has an invalid readyState of 'interactive'.
1616939096296	Marionette	INFO	Stopped listening on port 62073

###!!! [Child][RunMessage] Error: Channel closing: too late to send/recv, messages will be lost

1616939122907	geckodriver	INFO	Listening on 127.0.0.1:62220
1616939126757	mozrunner::runner	INFO	Running command: "C:\\Program Files\\Mozilla Firefox\\firefox.exe" "--marionette" "-foreground" "-no-remote" "-profile" "C:\\Users\\lesny\\AppData\\Local\\Temp\\rust_mozprofilebbSAbJ"
console.warn: SearchSettings: "get: No settings file exists, new profile?" (new Error("", "(unknown module)"))
1616939135471	Marionette	INFO	Listening on port 62229
1616939136211	Marionette	WARN	TLS certificate errors will be ignored for this session
1616939147492	Marionette	WARN	Ignoring event 'pageshow' because document has an invalid readyState of 'interactive'.

###!!! [Child][MessageChannel] Error: (msgtype=0x6B0027,name=PNecko::Msg_RemoveRequestContext) Channel closing: too late to send/recv, messages will be lost

1616939239539	Marionette	INFO	Stopped listening on port 62229

###!!! [Child][RunMessage] Error: Channel closing: too late to send/recv, messages will be lost

gs file exists, new profile?" (new Error("", "(unknown module)"))
1616939234061	Marionette	INFO	Listening on port 62412
1616939234384	Marionette	WARN	TLS certificate errors will be ignored for this session
1616939251877	Marionette	WARN	Ignoring event 'pageshow' because document has an invalid readyState of 'interactive'.

###!!! [Child][RunMessage] Error: Channel closing: too late to send/recv, messages will be lost

1616939301332	Marionette	INFO	Stopped listening on port 62412

###!!! [Child][RunMessage] Error: Channel closing: too late to send/recv, messages will be lost

1616940148171	geckodriver	INFO	Listening on 127.0.0.1:63217
1616940151276	mozrunner::runner	INFO	Running command: "C:\\Program Files\\Mozilla Firefox\\firefox.exe" "--marionette" "-foreground" "-no-remote" "-profile" "C:\\Users\\lesny\\AppData\\Local\\Temp\\rust_mozprofile8g1r1j"
console.warn: SearchSettings: "get: No settings file exists, new profile?" (new Error("", "(unknown module)"))
1616940160370	Marionette	INFO	Listening on port 63229
1616940160759	Marionette	WARN	TLS certificate errors will be ignored for this session
1616940336987	Marionette	INFO	Stopped listening on port 63229

###!!! [Child][RunMessage] Error: Channel closing: too late to send/recv, messages will be lost

"--marionette" "-foreground" "-no-remote" "-profile" "C:\\Users\\lesny\\AppData\\Local\\Temp\\rust_mozprofilehmYZdT"
console.warn: SearchSettings: "get: No settings file exists, new profile?" (new Error("", "(unknown module)"))
1616940299894	Marionette	INFO	Listening on port 63464
1616940300042	Marionette	WARN	TLS certificate errors will be ignored for this session
1616940343609	Marionette	INFO	Stopped listening on port 63464

###!!! [Child][RunMessage] Error: Channel closing: too late to send/recv, messages will be lost

"--marionette" "-foreground" "-no-remote" "-profile" "C:\\Users\\lesny\\AppData\\Local\\Temp\\rust_mozprofile4km7is"
console.warn: SearchSettings: "get: No settings file exists, new profile?" (new Error("", "(unknown module)"))
1616940343830	Marionette	INFO	Listening on port 63641
1616940343989	Marionette	WARN	TLS certificate errors will be ignored for this session
1616940610060	Marionette	INFO	Stopped listening on port 63641

###!!! [Child][RunMessage] Error: Channel closing: too late to send/recv, messages will be lost

"--marionette" "-foreground" "-no-remote" "-profile" "C:\\Users\\lesny\\AppData\\Local\\Temp\\rust_mozprofiletaxmaZ"
console.warn: SearchSettings: "get: No settings file exists, new profile?" (new Error("", "(unknown module)"))
1616940375802	Marionette	INFO	Listening on port 63806
1616940375960	Marionette	WARN	TLS certificate errors will be ignored for this session
JavaScript error: resource://gre/modules/AsyncShutdown.jsm, line 718: Error: Phase "Sqlite.jsm: wait until all connections are closed" is finished, it is too late to register completion condition "protections.sqlite#0: waiting for shutdown"
1616940615732	Marionette	INFO	Stopped listening on port 63806
ings: "get: No settings file exists, new profile?" (new Error("", "(unknown module)"))
1616940615357	Marionette	INFO	Listening on port 64074
1616940615565	Marionette	WARN	TLS certificate errors will be ignored for this session
[Parent 11300, IPC I/O Parent] WARNING: file /builds/worker/checkouts/gecko/ipc/chromium/src/base/process_util_win.cc:167
JavaScript error: resource://gre/modules/AsyncShutdown.jsm, line 718: Error: Phase "Sqlite.jsm: wait until all connections are closed" is finished, it is too late to register completion condition "protections.sqlite#0: waiting for shutdown"
1616940660642	Marionette	INFO	Stopped listening on port 64074

###!!! [Child][RunMessage] Error: Channel closing: too late to send/recv, messages will be lost

1616941693380	geckodriver	INFO	Listening on 127.0.0.1:64790
1616941696394	mozrunner::runner	INFO	Running command: "C:\\Program Files\\Mozilla Firefox\\firefox.exe" "--marionette" "-foreground" "-no-remote" "-profile" "C:\\Users\\lesny\\AppData\\Local\\Temp\\rust_mozprofilehKwOcc"
console.warn: SearchSettings: "get: No settings file exists, new profile?" (new Error("", "(unknown module)"))
JavaScript error: resource://activity-stream/lib/ActivityStreamPrefs.jsm, line 27: NS_ERROR_ILLEGAL_VALUE: Component returned failure code: 0x80070057 (NS_ERROR_ILLEGAL_VALUE) [nsIPrefBranch.removeObserver]
console.error: Region.jsm: "Error fetching region" (new TypeError("NetworkError when attempting to fetch resource.", ""))
console.error: Region.jsm: "Failed to fetch region" (new Error("NO_RESULT", "resource://gre/modules/Region.jsm", 419))
console.error: (new Error("Connection closed before committing the transaction.", "resource://gre/modules/Sqlite.jsm", 687))
console.error: (new Error("Transaction canceled due to a closed connection.", "resource://gre/modules/Sqlite.jsm", 617))
JavaScript error: resource://gre/modules/JSONFile.jsm, line 196: Error: Data is not ready.
console.log: "RemoteSettingsWorker error: Error: Can't import when we've started shutting down."
JavaScript error: resource://activity-stream/lib/PlacesFeed.jsm, line 168: NS_ERROR_XPC_GS_RETURNED_FAILURE: ServiceManager::GetService returned failure code:
JavaScript error: resource://gre/modules/ExtensionSettingsStore.jsm, line 122: Error: The ExtensionSettingsStore was accessed before the initialize promise resolved.
console.log: "RemoteSettingsWorker error: Error: Can't import when we've started shutting down."
console.log: "RemoteSettingsWorker error: Error: Can't import when we've started shutting down."
console.error: "Could not load engine google@search.mozilla.org: [Exception... \"AddonManager is not initialized\"  nsresult: \"0xc1f30001 (NS_ERROR_NOT_INITIALIZED)\"  location: \"JS frame :: resource://gre/modules/AddonManager.jsm :: installBuiltinAddon :: line 2550\"  data: no]"
console.error: "Could not load engine wolnelektury-pl@search.mozilla.org: [Exception... \"AddonManager is not initialized\"  nsresult: \"0xc1f30001 (NS_ERROR_NOT_INITIALIZED)\"  location: \"JS frame :: resource://gre/modules/AddonManager.jsm :: installBuiltinAddon :: line 2550\"  data: no]"
console.error: "Could not load engine pwn-pl@search.mozilla.org: [Exception... \"AddonManager is not initialized\"  nsresult: \"0xc1f30001 (NS_ERROR_NOT_INITIALIZED)\"  location: \"JS frame :: resource://gre/modules/AddonManager.jsm :: installBuiltinAddon :: line 2550\"  data: no]"
console.error: "Could not load engine wikipedia@search.mozilla.org: [Exception... \"AddonManager is not initialized\"  nsresult: \"0xc1f30001 (NS_ERROR_NOT_INITIALIZED)\"  location: \"JS frame :: resource://gre/modules/AddonManager.jsm :: installBuiltinAddon :: line 2550\"  data: no]"
console.error: "Could not load engine ddg@search.mozilla.org: [Exception... \"AddonManager is not initialized\"  nsresult: \"0xc1f30001 (NS_ERROR_NOT_INITIALIZED)\"  location: \"JS frame :: resource://gre/modules/AddonManager.jsm :: installBuiltinAddon :: line 2550\"  data: no]"
console.error: "Could not load engine allegro-pl@search.mozilla.org: [Exception... \"AddonManager is not initialized\"  nsresult: \"0xc1f30001 (NS_ERROR_NOT_INITIALIZED)\"  location: \"JS frame :: resource://gre/modules/AddonManager.jsm :: installBuiltinAddon :: line 2550\"  data: no]"
console.warn: SearchService: "_init: abandoning init due to shutting down"
JavaScript error: , line 0: uncaught exception: 2147500036
JavaScript error: , line 0: uncaught exception: 2147500036
JavaScript error: , line 0: uncaught exception: 2147500036
JavaScript error: , line 0: uncaught exception: 2147500036
JavaScript error: , line 0: uncaught exception: 2147500036
console.error: PushService: 
  stateChangeProcessEnqueue: Error transitioning state
  AbortError
console.error: PushService: 
  clearOriginData: Error clearing origin data:
  AbortError
JavaScript error: resource://gre/modules/AsyncShutdown.jsm, line 575: uncaught exception: Object
1616941718113	geckodriver	INFO	Listening on 127.0.0.1:64840
1616941721129	mozrunner::runner	INFO	Running command: "C:\\Program Files\\Mozilla Firefox\\firefox.exe" "--marionette" "-foreground" "-no-remote" "-profile" "C:\\Users\\lesny\\AppData\\Local\\Temp\\rust_mozprofileiVHjdy"
console.warn: SearchSettings: "get: No settings file exists, new profile?" (new Error("", "(unknown module)"))
1616941728321	Marionette	INFO	Listening on port 64850
1616941728521	Marionette	WARN	TLS certificate errors will be ignored for this session
1616941770265	Marionette	INFO	Stopped listening on port 64850

###!!! [Child][RunMessage] Error: Channel closing: too late to send/recv, messages will be lost

"--marionette" "-foreground" "-no-remote" "-profile" "C:\\Users\\lesny\\AppData\\Local\\Temp\\rust_mozprofilefrXC8A"
console.warn: SearchSettings: "get: No settings file exists, new profile?" (new Error("", "(unknown module)"))
1616941764661	Marionette	INFO	Listening on port 65021
1616941764853	Marionette	WARN	TLS certificate errors will be ignored for this session
1616942086707	Marionette	INFO	Stopped listening on port 65021

###!!! [Child][RunMessage] Error: Channel closing: too late to send/recv, messages will be lost

"--marionette" "-foreground" "-no-remote" "-profile" "C:\\Users\\lesny\\AppData\\Local\\Temp\\rust_mozprofilezCseMb"
console.warn: SearchSettings: "get: No settings file exists, new profile?" (new Error("", "(unknown module)"))
1616941784581	Marionette	INFO	Listening on port 65182
1616941785189	Marionette	WARN	TLS certificate errors will be ignored for this session
1616942087073	Marionette	INFO	Stopped listening on port 65182

###!!! [Child][RunMessage] Error: Channel closing: too late to send/recv, messages will be lost

"--marionette" "-foreground" "-no-remote" "-profile" "C:\\Users\\lesny\\AppData\\Local\\Temp\\rust_mozprofileyfBqTj"
console.warn: SearchSettings: "get: No settings file exists, new profile?" (new Error("", "(unknown module)"))
1616941908263	Marionette	INFO	Listening on port 65410
1616941908479	Marionette	WARN	TLS certificate errors will be ignored for this session
1616942087572	Marionette	INFO	Stopped listening on port 65410

###!!! [Child][RunMessage] Error: Channel closing: too late to send/recv, messages will be lost

"--marionette" "-foreground" "-no-remote" "-profile" "C:\\Users\\lesny\\AppData\\Local\\Temp\\rust_mozprofileEAwtjW"
console.warn: SearchSettings: "get: No settings file exists, new profile?" (new Error("", "(unknown module)"))
1616942091260	Marionette	INFO	Listening on port 49298
1616942091675	Marionette	WARN	TLS certificate errors will be ignored for this session
1616942265077	Marionette	INFO	Stopped listening on port 49298

###!!! [Child][RunMessage] Error: Channel closing: too late to send/recv, messages will be lost

"--marionette" "-foreground" "-no-remote" "-profile" "C:\\Users\\lesny\\AppData\\Local\\Temp\\rust_mozprofileCyeDQd"
console.warn: SearchSettings: "get: No settings file exists, new profile?" (new Error("", "(unknown module)"))
1616942270738	Marionette	INFO	Listening on port 49561
1616942271232	Marionette	WARN	TLS certificate errors will be ignored for this session
console.log: WebExtensions: reset-default-search: No addons in our list are installed.
JavaScript error: resource://gre/modules/AsyncShutdown.jsm, line 718: Error: Phase "Sqlite.jsm: wait until all connections are closed" is finished, it is too late to register completion condition "protections.sqlite#0: waiting for shutdown"
1616943236543	Marionette	INFO	Stopped listening on port 49561

###!!! [Child][RunMessage] Error: Channel closing: too late to send/recv, messages will be lost

